<?xml version="1.0" encoding="UTF-8"?>
<testsuites>
  <testsuite name="dummy" tests="1" failures="0" errors="0" skipped="0" time="0.001">
    <testcase classname="dummy" name="dummy_test" time="0.001"/>
  </testsuite>
</testsuites>
